<?xml version="1.0" encoding="UTF-8"?>
<!-- Generated by org.testng.reporters.JUnitReportReporter -->
<testsuite hostname="LTIN422030" failures="0" tests="1" name="bdd.APIFrameworks.AppTest" time="0.014" errors="0" timestamp="2023-10-14T16:09:39 IST" skipped="0">
  <testcase classname="bdd.APIFrameworks.AppTest" name="shouldAnswerWithTrue" time="0.014"/>
</testsuite> <!-- bdd.APIFrameworks.AppTest -->
